Checker passed. Start with 0.0 points.
=================================
5X5, 6X6, first column tests pass
Passed HW4-tests/five-six-first-input.txt
Score is now 3.0
=============================================
8X8, first column tests pass
Passed HW4-tests/eight-first-input.txt
Score is now 5.0
=============================================
6X6, 8X8, single queen tests pass
Passed HW4-tests/six-eight-single-input.txt
Score is now 6.0
=============================================
10X10, single queen tests pass
Passed HW4-tests/ten-single-input.txt
Score is now 7.0
=============================================
6X6, 8X8, many queens tests pass
Passed HW4-tests/six-eight-many-input.txt
Score is now 8.0
=============================================
Solution has failed on an input. This input is given in your solution folder.
An example output is also given in your directory.Messages from verifier script follows. This should give some description of why your solution is incorrect.
====================================
For input: 11 1 5 2 2 3 6 4 1 5 10 6 4 7 9 8 3 9 8 10 11 11 7
 your output file has no output.
FAIL

===========================================
Final score
8