Checker passed. Start with 2.0 points.
=================================
Queen input passes
Passed HW2-tests/queen-input.txt
Score is now 6.0
=============================================
No knight input passes
Passed HW2-tests/no-knight-input.txt
Score is now 8.0
=============================================
Knight input passes
Passed HW2-tests/knight-input.txt
Score is now 10.0
=============================================
Error in output generation. The output file, ../../student-repos/nbaledio//HW2/my_output.txt, generated by your program has 0 lines
The correct output file has 1 lines
The following line should be present at line 0 of your output. But it is not.
p n


 There should be a test file (it's name is probably my_test.txt). That is the test case that failed.
Final score
10
